d:\user\documents\visual studio 2015\projects\project1\project1\release\vc140.pdb
d:\user\documents\visual studio 2015\projects\project1\project1\release\robot.obj
d:\user\documents\visual studio 2015\projects\project1\project1\release\myform.obj
d:\user\documents\visual studio 2015\projects\project1\project1\release\glcamera.obj
d:\user\documents\visual studio 2015\projects\project1\project1\release\.netframework,version=v4.5.2.assemblyattributes.obj
d:\user\documents\visual studio 2015\projects\project1\project1\release\.netframework,version=v4.5.2.assemblyattributes.asm
d:\user\documents\visual studio 2015\projects\project1\release\project1.exe
d:\user\documents\visual studio 2015\projects\project1\release\project1.pdb
d:\user\documents\visual studio 2015\projects\project1\project1\release\project1.tlog\metagen.write.1.tlog
d:\user\documents\visual studio 2015\projects\project1\project1\release\project1.myform.resources
d:\user\documents\visual studio 2015\projects\project1\project1\release\project1.vcxproj.generateresource.cache
d:\user\documents\visual studio 2015\projects\project1\project1\release\project1.vcxprojresolveassemblyreference.cache
d:\user\documents\visual studio 2015\projects\project1\project1\release\project1.tlog\cl.command.1.tlog
d:\user\documents\visual studio 2015\projects\project1\project1\release\project1.tlog\cl.read.1.tlog
d:\user\documents\visual studio 2015\projects\project1\project1\release\project1.tlog\cl.write.1.tlog
d:\user\documents\visual studio 2015\projects\project1\project1\release\project1.tlog\link.command.1.tlog
d:\user\documents\visual studio 2015\projects\project1\project1\release\project1.tlog\link.read.1.tlog
d:\user\documents\visual studio 2015\projects\project1\project1\release\project1.tlog\link.write.1.tlog
d:\user\documents\visual studio 2015\projects\project1\project1\release\project1.tlog\metagen.read.1.tlog
d:\user\documents\visual studio 2015\projects\project1\project1\release\project1.tlog\project1.write.1u.tlog
d:\user\documents\visual studio 2015\projects\project1\project1\release\project1.tlog\hkoglpanel.dll.metagen
d:\user\documents\visual studio 2015\projects\project1\project1\release\project1.tlog\tzres.dll.bi
